08:53:11.091458 exec-cmd.c:139          trace: resolved executable path from Darwin stack: /Library/Developer/CommandLineTools/usr/bin/git
08:53:11.092310 exec-cmd.c:238          trace: resolved executable dir: /Library/Developer/CommandLineTools/usr/bin
08:53:11.093646 git.c:460               trace: built-in: git push origin main
08:53:11.095532 run-command.c:655       trace: run_command: GIT_DIR=.git git remote-https origin https://github.com/abiraahmi/DedooseR.git
08:53:11.100156 exec-cmd.c:139          trace: resolved executable path from Darwin stack: /Library/Developer/CommandLineTools/usr/libexec/git-core/git
08:53:11.100860 exec-cmd.c:238          trace: resolved executable dir: /Library/Developer/CommandLineTools/usr/libexec/git-core
08:53:11.101268 git.c:750               trace: exec: git-remote-https origin https://github.com/abiraahmi/DedooseR.git
08:53:11.101285 run-command.c:655       trace: run_command: git-remote-https origin https://github.com/abiraahmi/DedooseR.git
08:53:11.105773 exec-cmd.c:139          trace: resolved executable path from Darwin stack: /Library/Developer/CommandLineTools/usr/libexec/git-core/git-remote-https
08:53:11.106192 exec-cmd.c:238          trace: resolved executable dir: /Library/Developer/CommandLineTools/usr/libexec/git-core
08:53:11.111617 http.c:699              == Info: Couldn't find host github.com in the .netrc file; using defaults
08:53:11.125333 http.c:699              == Info: Host github.com:443 was resolved.
08:53:11.125380 http.c:699              == Info: IPv6: (none)
08:53:11.125395 http.c:699              == Info: IPv4: 140.82.112.3
08:53:11.125420 http.c:699              == Info:   Trying 140.82.112.3:443...
08:53:11.146761 http.c:699              == Info: Connected to github.com (140.82.112.3) port 443
08:53:11.146843 http.c:699              == Info: ALPN: curl offers http/1.1
08:53:11.147015 http.c:699              == Info: (304) (OUT), TLS handshake, Client hello (1):
08:53:11.152404 http.c:699              == Info:  CAfile: /etc/ssl/cert.pem
08:53:11.152425 http.c:699              == Info:  CApath: none
08:53:11.172676 http.c:699              == Info: (304) (IN), TLS handshake, Server hello (2):
08:53:11.172888 http.c:699              == Info: (304) (IN), TLS handshake, Unknown (8):
08:53:11.172930 http.c:699              == Info: (304) (IN), TLS handshake, Certificate (11):
08:53:11.174998 http.c:699              == Info: (304) (IN), TLS handshake, CERT verify (15):
08:53:11.175249 http.c:699              == Info: (304) (IN), TLS handshake, Finished (20):
08:53:11.175323 http.c:699              == Info: (304) (OUT), TLS handshake, Finished (20):
08:53:11.175347 http.c:699              == Info: SSL connection using TLSv1.3 / AEAD-CHACHA20-POLY1305-SHA256 / [blank] / UNDEF
08:53:11.175362 http.c:699              == Info: ALPN: server accepted http/1.1
08:53:11.175376 http.c:699              == Info: Server certificate:
08:53:11.175393 http.c:699              == Info:  subject: CN=github.com
08:53:11.175408 http.c:699              == Info:  start date: Feb  5 00:00:00 2025 GMT
08:53:11.175420 http.c:699              == Info:  expire date: Feb  5 23:59:59 2026 GMT
08:53:11.175438 http.c:699              == Info:  subjectAltName: host "github.com" matched cert's "github.com"
08:53:11.175457 http.c:699              == Info:  issuer: C=GB; ST=Greater Manchester; L=Salford; O=Sectigo Limited; CN=Sectigo ECC Domain Validation Secure Server CA
08:53:11.175469 http.c:699              == Info:  SSL certificate verify ok.
08:53:11.175480 http.c:699              == Info: using HTTP/1.x
08:53:11.175608 http.c:646              => Send header, 0000000196 bytes (0x000000c4)
08:53:11.175630 http.c:658              => Send header: GET /abiraahmi/DedooseR.git/info/refs?service=git-receive-pack HTTP/1.1
08:53:11.175643 http.c:658              => Send header: Host: github.com
08:53:11.175655 http.c:658              => Send header: User-Agent: git/2.39.3 (Apple Git-146)
08:53:11.175666 http.c:658              => Send header: Accept: */*
08:53:11.175682 http.c:658              => Send header: Accept-Encoding: deflate, gzip
08:53:11.175729 http.c:658              => Send header: Pragma: no-cache
08:53:11.175743 http.c:658              => Send header:
08:53:11.175761 http.c:699              == Info: Request completely sent off
08:53:11.227249 http.c:646              <= Recv header, 0000000027 bytes (0x0000001b)
08:53:11.227321 http.c:658              <= Recv header: HTTP/1.1 401 Unauthorized
08:53:11.227345 http.c:646              <= Recv header, 0000000026 bytes (0x0000001a)
08:53:11.227364 http.c:658              <= Recv header: Server: GitHub-Babel/3.0
08:53:11.227383 http.c:646              <= Recv header, 0000000054 bytes (0x00000036)
08:53:11.227399 http.c:658              <= Recv header: Content-Security-Policy: default-src 'none'; sandbox
08:53:11.227414 http.c:646              <= Recv header, 0000000041 bytes (0x00000029)
08:53:11.227431 http.c:658              <= Recv header: Content-Type: text/plain; charset=UTF-8
08:53:11.227447 http.c:646              <= Recv header, 0000000040 bytes (0x00000028)
08:53:11.227460 http.c:658              <= Recv header: www-authenticate: Basic realm="GitHub"
08:53:11.227476 http.c:646              <= Recv header, 0000000020 bytes (0x00000014)
08:53:11.227489 http.c:658              <= Recv header: Content-Length: 26
08:53:11.227502 http.c:646              <= Recv header, 0000000037 bytes (0x00000025)
08:53:11.227516 http.c:658              <= Recv header: Date: Fri, 12 Dec 2025 13:53:11 GMT
08:53:11.227532 http.c:646              <= Recv header, 0000000057 bytes (0x00000039)
08:53:11.227546 http.c:658              <= Recv header: X-GitHub-Request-Id: DBC7:3FFB5A:628B72:8CC076:693C1E47
08:53:11.227559 http.c:646              <= Recv header, 0000000023 bytes (0x00000017)
08:53:11.227573 http.c:658              <= Recv header: X-Frame-Options: DENY
08:53:11.227588 http.c:646              <= Recv header, 0000000073 bytes (0x00000049)
08:53:11.227604 http.c:658              <= Recv header: Strict-Transport-Security: max-age=31536000; includeSubDomains; preload
08:53:11.227618 http.c:646              <= Recv header, 0000000002 bytes (0x00000002)
08:53:11.227631 http.c:658              <= Recv header:
08:53:11.227659 http.c:699              == Info: Connection #0 to host github.com left intact
08:53:11.227720 run-command.c:655       trace: run_command: 'git credential-osxkeychain get'
08:53:11.239536 exec-cmd.c:139          trace: resolved executable path from Darwin stack: /Library/Developer/CommandLineTools/usr/libexec/git-core/git
08:53:11.240405 exec-cmd.c:238          trace: resolved executable dir: /Library/Developer/CommandLineTools/usr/libexec/git-core
08:53:11.241207 git.c:750               trace: exec: git-credential-osxkeychain get
08:53:11.241240 run-command.c:655       trace: run_command: git-credential-osxkeychain get
08:53:11.263171 http.c:699              == Info: Found bundle for host: 0x13a70fd70 [serially]
08:53:11.263235 http.c:699              == Info: Re-using existing connection with host github.com
08:53:11.263258 http.c:699              == Info: Server auth using Basic with user 'abiraahmi'
08:53:11.263358 http.c:646              => Send header, 0000000287 bytes (0x0000011f)
08:53:11.263375 http.c:658              => Send header: GET /abiraahmi/DedooseR.git/info/refs?service=git-receive-pack HTTP/1.1
08:53:11.263386 http.c:658              => Send header: Host: github.com
08:53:11.263395 http.c:658              => Send header: Authorization: Basic <redacted>
08:53:11.263405 http.c:658              => Send header: User-Agent: git/2.39.3 (Apple Git-146)
08:53:11.263415 http.c:658              => Send header: Accept: */*
08:53:11.263424 http.c:658              => Send header: Accept-Encoding: deflate, gzip
08:53:11.263433 http.c:658              => Send header: Pragma: no-cache
08:53:11.263441 http.c:658              => Send header:
08:53:11.263455 http.c:699              == Info: Request completely sent off
08:53:11.340898 http.c:646              <= Recv header, 0000000017 bytes (0x00000011)
08:53:11.342359 http.c:658              <= Recv header: HTTP/1.1 200 OK
08:53:11.342413 http.c:646              <= Recv header, 0000000026 bytes (0x0000001a)
08:53:11.342427 http.c:658              <= Recv header: Server: GitHub-Babel/3.0
08:53:11.342437 http.c:646              <= Recv header, 0000000060 bytes (0x0000003c)
08:53:11.342445 http.c:658              <= Recv header: Content-Type: application/x-git-receive-pack-advertisement
08:53:11.342452 http.c:646              <= Recv header, 0000000054 bytes (0x00000036)
08:53:11.342460 http.c:658              <= Recv header: Content-Security-Policy: default-src 'none'; sandbox
08:53:11.342468 http.c:646              <= Recv header, 0000000040 bytes (0x00000028)
08:53:11.342475 http.c:658              <= Recv header: expires: Fri, 01 Jan 1980 00:00:00 GMT
08:53:11.342481 http.c:646              <= Recv header, 0000000018 bytes (0x00000012)
08:53:11.342488 http.c:658              <= Recv header: pragma: no-cache
08:53:11.342494 http.c:646              <= Recv header, 0000000053 bytes (0x00000035)
08:53:11.342503 http.c:658              <= Recv header: Cache-Control: no-cache, max-age=0, must-revalidate
08:53:11.342510 http.c:646              <= Recv header, 0000000023 bytes (0x00000017)
08:53:11.342517 http.c:658              <= Recv header: Vary: Accept-Encoding
08:53:11.342526 http.c:646              <= Recv header, 0000000028 bytes (0x0000001c)
08:53:11.342534 http.c:658              <= Recv header: Transfer-Encoding: chunked
08:53:11.342543 http.c:646              <= Recv header, 0000000037 bytes (0x00000025)
08:53:11.342550 http.c:658              <= Recv header: Date: Fri, 12 Dec 2025 13:53:11 GMT
08:53:11.342562 http.c:646              <= Recv header, 0000000057 bytes (0x00000039)
08:53:11.342569 http.c:658              <= Recv header: X-GitHub-Request-Id: DBC7:3FFB5A:628BCF:8CC113:693C1E47
08:53:11.342578 http.c:646              <= Recv header, 0000000023 bytes (0x00000017)
08:53:11.342584 http.c:658              <= Recv header: X-Frame-Options: DENY
08:53:11.342591 http.c:646              <= Recv header, 0000000073 bytes (0x00000049)
08:53:11.342597 http.c:658              <= Recv header: Strict-Transport-Security: max-age=31536000; includeSubDomains; preload
08:53:11.342605 http.c:646              <= Recv header, 0000000002 bytes (0x00000002)
08:53:11.342611 http.c:658              <= Recv header:
08:53:11.342667 http.c:699              == Info: Connection #0 to host github.com left intact
08:53:11.342687 run-command.c:655       trace: run_command: 'git credential-osxkeychain store'
08:53:11.350242 exec-cmd.c:139          trace: resolved executable path from Darwin stack: /Library/Developer/CommandLineTools/usr/libexec/git-core/git
08:53:11.350978 exec-cmd.c:238          trace: resolved executable dir: /Library/Developer/CommandLineTools/usr/libexec/git-core
08:53:11.351602 git.c:750               trace: exec: git-credential-osxkeychain store
08:53:11.351631 run-command.c:655       trace: run_command: git-credential-osxkeychain store
08:53:11.387201 run-command.c:655       trace: run_command: git send-pack --stateless-rpc --helper-status --thin --no-progress https://github.com/abiraahmi/DedooseR.git/ --stdin
08:53:11.392615 exec-cmd.c:139          trace: resolved executable path from Darwin stack: /Library/Developer/CommandLineTools/usr/libexec/git-core/git
08:53:11.393128 exec-cmd.c:238          trace: resolved executable dir: /Library/Developer/CommandLineTools/usr/libexec/git-core
08:53:11.393683 git.c:460               trace: built-in: git send-pack --stateless-rpc --helper-status --thin --no-progress https://github.com/abiraahmi/DedooseR.git/ --stdin
08:53:11.395881 run-command.c:655       trace: run_command: git pack-objects --all-progress-implied --revs --stdout --thin --delta-base-offset -q
08:53:11.400204 exec-cmd.c:139          trace: resolved executable path from Darwin stack: /Library/Developer/CommandLineTools/usr/libexec/git-core/git
08:53:11.400778 exec-cmd.c:238          trace: resolved executable dir: /Library/Developer/CommandLineTools/usr/libexec/git-core
08:53:11.401240 git.c:460               trace: built-in: git pack-objects --all-progress-implied --revs --stdout --thin --delta-base-offset -q
08:53:11.576653 http.c:699              == Info: Found bundle for host: 0x13a70fd70 [serially]
08:53:11.576734 http.c:699              == Info: Re-using existing connection with host github.com
08:53:11.576757 http.c:699              == Info: Server auth using Basic with user 'abiraahmi'
08:53:11.576857 http.c:646              => Send header, 0000000327 bytes (0x00000147)
08:53:11.576875 http.c:658              => Send header: POST /abiraahmi/DedooseR.git/git-receive-pack HTTP/1.1
08:53:11.576884 http.c:658              => Send header: Host: github.com
08:53:11.576896 http.c:658              => Send header: Authorization: Basic <redacted>
08:53:11.576904 http.c:658              => Send header: User-Agent: git/2.39.3 (Apple Git-146)
08:53:11.576911 http.c:658              => Send header: Content-Type: application/x-git-receive-pack-request
08:53:11.576919 http.c:658              => Send header: Accept: application/x-git-receive-pack-result
08:53:11.576927 http.c:658              => Send header: Content-Length: 4
08:53:11.576936 http.c:658              => Send header:
08:53:11.576945 http.c:699              == Info: upload completely sent off: 4 bytes
08:53:11.653590 http.c:646              <= Recv header, 0000000017 bytes (0x00000011)
08:53:11.653656 http.c:658              <= Recv header: HTTP/1.1 200 OK
08:53:11.653676 http.c:646              <= Recv header, 0000000026 bytes (0x0000001a)
08:53:11.653691 http.c:658              <= Recv header: Server: GitHub-Babel/3.0
08:53:11.653707 http.c:646              <= Recv header, 0000000053 bytes (0x00000035)
08:53:11.653721 http.c:658              <= Recv header: Content-Type: application/x-git-receive-pack-result
08:53:11.653734 http.c:646              <= Recv header, 0000000054 bytes (0x00000036)
08:53:11.653746 http.c:658              <= Recv header: Content-Security-Policy: default-src 'none'; sandbox
08:53:11.653759 http.c:646              <= Recv header, 0000000040 bytes (0x00000028)
08:53:11.653770 http.c:658              <= Recv header: expires: Fri, 01 Jan 1980 00:00:00 GMT
08:53:11.653783 http.c:646              <= Recv header, 0000000018 bytes (0x00000012)
08:53:11.653795 http.c:658              <= Recv header: pragma: no-cache
08:53:11.653807 http.c:646              <= Recv header, 0000000053 bytes (0x00000035)
08:53:11.653819 http.c:658              <= Recv header: Cache-Control: no-cache, max-age=0, must-revalidate
08:53:11.653830 http.c:646              <= Recv header, 0000000023 bytes (0x00000017)
08:53:11.653841 http.c:658              <= Recv header: Vary: Accept-Encoding
08:53:11.653854 http.c:646              <= Recv header, 0000000019 bytes (0x00000013)
08:53:11.653864 http.c:658              <= Recv header: Content-Length: 0
08:53:11.653876 http.c:646              <= Recv header, 0000000037 bytes (0x00000025)
08:53:11.653887 http.c:658              <= Recv header: Date: Fri, 12 Dec 2025 13:53:11 GMT
08:53:11.653899 http.c:646              <= Recv header, 0000000057 bytes (0x00000039)
08:53:11.653910 http.c:658              <= Recv header: X-GitHub-Request-Id: DBC7:3FFB5A:628DD3:8CC3FA:693C1E47
08:53:11.653928 http.c:646              <= Recv header, 0000000023 bytes (0x00000017)
08:53:11.653939 http.c:658              <= Recv header: X-Frame-Options: DENY
08:53:11.653951 http.c:646              <= Recv header, 0000000073 bytes (0x00000049)
08:53:11.653962 http.c:658              <= Recv header: Strict-Transport-Security: max-age=31536000; includeSubDomains; preload
08:53:11.653974 http.c:646              <= Recv header, 0000000002 bytes (0x00000002)
08:53:11.653985 http.c:658              <= Recv header:
08:53:11.654005 http.c:699              == Info: Connection #0 to host github.com left intact
08:53:11.654050 http.c:699              == Info: Found bundle for host: 0x13a70fd70 [serially]
08:53:11.654071 http.c:699              == Info: Re-using existing connection with host github.com
08:53:11.654091 http.c:699              == Info: Server auth using Basic with user 'abiraahmi'
08:53:11.654234 http.c:646              => Send header, 0000000368 bytes (0x00000170)
08:53:11.654253 http.c:658              => Send header: POST /abiraahmi/DedooseR.git/git-receive-pack HTTP/1.1
08:53:11.654265 http.c:658              => Send header: Host: github.com
08:53:11.654276 http.c:658              => Send header: Authorization: Basic <redacted>
08:53:11.654287 http.c:658              => Send header: User-Agent: git/2.39.3 (Apple Git-146)
08:53:11.654298 http.c:658              => Send header: Accept-Encoding: deflate, gzip
08:53:11.654309 http.c:658              => Send header: Content-Type: application/x-git-receive-pack-request
08:53:11.654319 http.c:658              => Send header: Accept: application/x-git-receive-pack-result
08:53:11.654330 http.c:658              => Send header: Transfer-Encoding: chunked
08:53:11.654341 http.c:658              => Send header:
08:53:11.654355 http.c:699              == Info: upload completely sent off: 14 bytes
08:53:11.723558 http.c:646              <= Recv header, 0000000017 bytes (0x00000011)
08:53:11.723632 http.c:658              <= Recv header: HTTP/1.1 200 OK
08:53:11.723655 http.c:646              <= Recv header, 0000000026 bytes (0x0000001a)
08:53:11.723673 http.c:658              <= Recv header: Server: GitHub-Babel/3.0
08:53:11.723694 http.c:646              <= Recv header, 0000000053 bytes (0x00000035)
08:53:11.723717 http.c:658              <= Recv header: Content-Type: application/x-git-receive-pack-result
08:53:11.723736 http.c:646              <= Recv header, 0000000054 bytes (0x00000036)
08:53:11.723756 http.c:658              <= Recv header: Content-Security-Policy: default-src 'none'; sandbox
08:53:11.723817 http.c:646              <= Recv header, 0000000040 bytes (0x00000028)
08:53:11.723849 http.c:658              <= Recv header: expires: Fri, 01 Jan 1980 00:00:00 GMT
08:53:11.723871 http.c:646              <= Recv header, 0000000018 bytes (0x00000012)
08:53:11.723892 http.c:658              <= Recv header: pragma: no-cache
08:53:11.723913 http.c:646              <= Recv header, 0000000053 bytes (0x00000035)
08:53:11.723933 http.c:658              <= Recv header: Cache-Control: no-cache, max-age=0, must-revalidate
08:53:11.723952 http.c:646              <= Recv header, 0000000023 bytes (0x00000017)
08:53:11.723968 http.c:658              <= Recv header: Vary: Accept-Encoding
08:53:11.724017 http.c:646              <= Recv header, 0000000028 bytes (0x0000001c)
08:53:11.724041 http.c:658              <= Recv header: Transfer-Encoding: chunked
08:53:11.724196 http.c:646              <= Recv header, 0000000037 bytes (0x00000025)
08:53:11.724226 http.c:658              <= Recv header: Date: Fri, 12 Dec 2025 13:53:11 GMT
08:53:11.724280 http.c:646              <= Recv header, 0000000057 bytes (0x00000039)
08:53:11.724303 http.c:658              <= Recv header: X-GitHub-Request-Id: DBC7:3FFB5A:628E48:8CC4A8:693C1E47
08:53:11.724322 http.c:646              <= Recv header, 0000000023 bytes (0x00000017)
08:53:11.724342 http.c:658              <= Recv header: X-Frame-Options: DENY
08:53:11.724360 http.c:646              <= Recv header, 0000000073 bytes (0x00000049)
08:53:11.724409 http.c:658              <= Recv header: Strict-Transport-Security: max-age=31536000; includeSubDomains; preload
08:53:11.724429 http.c:646              <= Recv header, 0000000002 bytes (0x00000002)
08:53:11.724444 http.c:658              <= Recv header:
08:53:11.724498 http.c:699              == Info: Connection #0 to host github.com left intact
send-pack: unexpected disconnect while reading sideband packet
fatal: the remote end hung up unexpectedly
Everything up-to-date
